<?xml version="1.0" encoding="UTF-8"?>
<testng-results skipped="0" failed="0" ignored="0" total="0" passed="0">
  <reporter-output>
  </reporter-output>
  <suite name="Default suite" duration-ms="0" started-at="2020-05-18T09:45:46 GMT-04:00" finished-at="2020-05-18T09:45:46 GMT-04:00">
    <groups>
    </groups>
    <test name="Default test" duration-ms="0" started-at="2020-05-18T09:45:46 GMT-04:00" finished-at="2020-05-18T09:45:46 GMT-04:00">
    </test> <!-- Default test -->
  </suite> <!-- Default suite -->
</testng-results>
